app/build/intermediates/manifest_merge_blame_file/debug/manifest-merger-blame-debug-report.txt
1<?xml version="1.0" encoding="utf-8"?>
2<manifest xmlns:android="http://schemas.android.com/apk/res/android"
3    package="com.eg.sql"
4    android:versionCode="1"
5    android:versionName="1.0" >
6
7    <uses-sdk
8        android:minSdkVersion="21"
8-->src\main\AndroidManifest.xml
9        android:targetSdkVersion="29" />
9-->src\main\AndroidManifest.xml
10
11    <uses-permission android:name="android.permission.CHANGE_WIFI_MULTICAST_STATE" />
11-->src\main\AndroidManifest.xml:32:5-86
11-->src\main\AndroidManifest.xml:32:22-83
12    <uses-permission android:name="android.permission.INTERNET" />
12-->src\main\AndroidManifest.xml:33:5-67
12-->src\main\AndroidManifest.xml:33:22-64
13    <uses-permission android:name="android.permission.ACCESS_WIFI_STATE" />
13-->src\main\AndroidManifest.xml:35:5-76
13-->src\main\AndroidManifest.xml:35:22-73
14
15    <application
15-->src\main\AndroidManifest.xml:5:5-31:19
16        android:allowBackup="true"
16-->src\main\AndroidManifest.xml:6:9-35
17        android:appComponentFactory="androidx.core.app.CoreComponentFactory"
17-->[androidx.core:core:1.0.1] AndroidManifest.xml:22:18-86
18        android:debuggable="true"
19        android:icon="@mipmap/ic_launcher"
19-->src\main\AndroidManifest.xml:7:9-43
20        android:label="@string/app_name"
20-->src\main\AndroidManifest.xml:8:9-41
21        android:roundIcon="@mipmap/ic_launcher_round"
21-->src\main\AndroidManifest.xml:9:9-54
22        android:supportsRtl="true"
22-->src\main\AndroidManifest.xml:10:9-35
23        android:theme="@style/AppTheme" >
23-->src\main\AndroidManifest.xml:11:9-40
24        <activity android:name="com.eg.himnario.MostrarAutor" />
24-->src\main\AndroidManifest.xml:12:9-59
24-->src\main\AndroidManifest.xml:12:19-47
25        <activity android:name="com.eg.himnario.NombreAutor" />
25-->src\main\AndroidManifest.xml:13:9-49
25-->src\main\AndroidManifest.xml:13:19-46
26        <activity android:name="com.eg.himnario.mostrarNumero" />
26-->src\main\AndroidManifest.xml:14:9-51
26-->src\main\AndroidManifest.xml:14:19-48
27        <activity android:name="com.eg.himnario.NumeroHimno" />
27-->src\main\AndroidManifest.xml:15:9-49
27-->src\main\AndroidManifest.xml:15:19-46
28        <activity
28-->src\main\AndroidManifest.xml:16:9-18:59
29            android:name="com.eg.himnario.Consulta_RecyclerView"
29-->src\main\AndroidManifest.xml:17:13-50
30            android:theme="@style/AppTheme.NoActionBar" />
30-->src\main\AndroidManifest.xml:18:13-56
31        <activity
31-->src\main\AndroidManifest.xml:19:9-21:59
32            android:name="com.eg.himnario.Inicio"
32-->src\main\AndroidManifest.xml:20:13-35
33            android:theme="@style/AppTheme.NoActionBar" />
33-->src\main\AndroidManifest.xml:21:13-56
34        <activity
34-->src\main\AndroidManifest.xml:22:9-30:20
35            android:name="com.eg.himnario.MainActivity"
35-->src\main\AndroidManifest.xml:23:13-41
36            android:theme="@style/AppTheme.NoActionBar" >
36-->src\main\AndroidManifest.xml:24:13-56
37            <intent-filter>
37-->src\main\AndroidManifest.xml:25:13-29:29
38                <action android:name="android.intent.action.MAIN" />
38-->src\main\AndroidManifest.xml:26:17-69
38-->src\main\AndroidManifest.xml:26:25-66
39
40                <category android:name="android.intent.category.LAUNCHER" />
40-->src\main\AndroidManifest.xml:28:17-77
40-->src\main\AndroidManifest.xml:28:27-74
41            </intent-filter>
42        </activity>
43    </application>
44
45</manifest>